Environment variables:
  - =::=::\
  - =C:=C:\OpsEclipseWorkspace\EmpApp
  - =ExitCode=00000000
  - ALLUSERSPROFILE=C:\ProgramData
  - ANT_HOME=C:\apache-ant-1.10.7
  - APPDATA=C:\Users\Kavetis\AppData\Roaming
  - COMMPath=C:\Program Files\Lenovo\Communications Utility
  - COMPOSE_CONVERT_WINDOWS_PATHS=true
  - COMPUTERNAME=001403
  - ComSpec=C:\Windows\system32\cmd.exe
  - CommonProgramFiles=C:\Program Files\Common Files
  - CommonProgramFiles(x86)=C:\Program Files (x86)\Common Files
  - CommonProgramW6432=C:\Program Files\Common Files
  - DriverData=C:\Windows\System32\Drivers\DriverData
  - ERROR_CODE=0
  - HOMEDRIVE=C:
  - HOMEPATH=\Users\Kavetis
  - IntelliJ IDEA=C:\Program Files\JetBrains\IntelliJ IDEA 2019.1.3\bin;
  - JAVA_EXEC="C:\sonar-scanner-4.3.0.2102\bin\..\jre\bin\java.exe"
  - JAVA_HOME=C:\sonar-scanner-4.3.0.2102\bin\..\jre
  - LOCALAPPDATA=C:\Users\Kavetis\AppData\Local
  - LOGONSERVER=\\IN-HYD-VDC006
  - MAVEN_HOME=C:\apache-maven-3.6.3
  - NUMBER_OF_PROCESSORS=4
  - OS=Windows_NT
  - OneDrive=C:\Users\Kavetis\OneDrive - Parexel
  - OneDriveCommercial=C:\Users\Kavetis\OneDrive - Parexel
  - PATHEXT=.COM;.EXE;.BAT;.CMD;.VBS;.VBE;.JS;.JSE;.WSF;.WSH;.MSC;.PY;.PYW;.RB;.RBW
  - PROCESSOR_ARCHITECTURE=AMD64
  - PROCESSOR_IDENTIFIER=Intel64 Family 6 Model 142 Stepping 9, GenuineIntel
  - PROCESSOR_LEVEL=6
  - PROCESSOR_REVISION=8e09
  - PROG27B48B2C052=1
  - PROJECT_HOME=C:\OpsEclipseWorkspace\EmpApp
  - PROMPT=$P$G
  - PSModulePath=C:\Program Files\WindowsPowerShell\Modules;C:\Windows\system32\WindowsPowerShell\v1.0\Modules
  - PUBLIC=C:\Users\Public
  - Path=C:\Python38\Scripts\;C:\Python38\;C:\Windows\system32;C:\Windows;C:\Windows\System32\Wbem;C:\Windows\System32\WindowsPowerShell\v1.0\;C:\Windows\System32\OpenSSH\;C:\Program Files (x86)\Riverbed\Steelhead Mobile\;C:\Program Files (x86)\Sennheiser\SoftphoneSDK\;C:\Program Files\TortoiseSVN\bin;C:\Program Files\Java\jdk8\bin;C:\apache-maven-3.6.3\bin;C:\Users\Kavetis\AppData\Roaming\npm\node_modules\typescript\bin;C:\Program Files\nodejs\;C:\Python27\Scripts;C:\HashiCorp\Vagrant\bin;C:\Program Files\Git\cmd;C:\apache-ant-1.10.7\bin;C:\Program Files\Amazon\AWSCLI\bin\;C:\Program Files\PuTTY\;C:\sonar-scanner-4.3.0.2102\bin\;C:\Ruby26-x64\bin;C:\Users\Kavetis\AppData\Roaming\npm;C:\Users\Kavetis\AppData\Local\Programs\Microsoft VS Code\bin;C:\Users\Kavetis\Desktop\Softs\XmlEditor;C:\Python27
  - ProgramData=C:\ProgramData
  - ProgramFiles=C:\Program Files
  - ProgramFiles(x86)=C:\Program Files (x86)
  - ProgramW6432=C:\Program Files
  - SESSIONNAME=Console
  - SONAR_SCANNER_HOME=C:\sonar-scanner-4.3.0.2102\bin\..
  - SystemDrive=C:
  - SystemRoot=C:\Windows
  - TEMP=C:\Users\Kavetis\AppData\Local\Temp
  - TMP=C:\Users\Kavetis\AppData\Local\Temp
  - UATDATA=C:\Windows\CCM\UATData\D9F8C395-CAB8-491d-B8AC-179A1FE1BE77
  - USERDNSDOMAIN=PII.PXL.INT
  - USERDOMAIN=PII
  - USERDOMAIN_ROAMINGPROFILE=PII
  - USERNAME=KavetiS
  - USERPROFILE=C:\Users\Kavetis
  - VBOX_MSI_INSTALL_PATH=C:\Program Files\Oracle\VirtualBox\
  - npp=C:\Program Files\Notepad++\notepad++.exe;
  - scriptdir=C:\sonar-scanner-4.3.0.2102\bin
  - use_embedded_jre=true
  - windir=C:\Windows
System properties:
  - awt.toolkit=sun.awt.windows.WToolkit
  - file.encoding=Cp1252
  - file.separator=\
  - java.awt.graphicsenv=sun.awt.Win32GraphicsEnvironment
  - java.awt.headless=true
  - java.awt.printerjob=sun.awt.windows.WPrinterJob
  - java.class.path=C:\sonar-scanner-4.3.0.2102\bin\..\lib\sonar-scanner-cli-4.3.0.2102.jar
  - java.class.version=55.0
  - java.home=C:\sonar-scanner-4.3.0.2102\jre
  - java.io.tmpdir=C:\Users\Kavetis\AppData\Local\Temp\
  - java.library.path=C:\sonar-scanner-4.3.0.2102\jre\bin;C:\Windows\Sun\Java\bin;C:\Windows\system32;C:\Windows;C:\Python38\Scripts\;C:\Python38\;C:\Windows\system32;C:\Windows;C:\Windows\System32\Wbem;C:\Windows\System32\WindowsPowerShell\v1.0\;C:\Windows\System32\OpenSSH\;C:\Program Files (x86)\Riverbed\Steelhead Mobile\;C:\Program Files (x86)\Sennheiser\SoftphoneSDK\;C:\Program Files\TortoiseSVN\bin;C:\Program Files\Java\jdk8\bin;C:\apache-maven-3.6.3\bin;C:\Users\Kavetis\AppData\Roaming\npm\node_modules\typescript\bin;C:\Program Files\nodejs\;C:\Python27\Scripts;C:\HashiCorp\Vagrant\bin;C:\Program Files\Git\cmd;C:\apache-ant-1.10.7\bin;C:\Program Files\Amazon\AWSCLI\bin\;C:\Program Files\PuTTY\;C:\sonar-scanner-4.3.0.2102\bin\;C:\Ruby26-x64\bin;C:\Users\Kavetis\AppData\Roaming\npm;C:\Users\Kavetis\AppData\Local\Programs\Microsoft VS Code\bin;C:\Users\Kavetis\Desktop\Softs\XmlEditor;C:\Python27;.
  - java.runtime.name=OpenJDK Runtime Environment
  - java.runtime.version=11.0.3+7
  - java.specification.name=Java Platform API Specification
  - java.specification.vendor=Oracle Corporation
  - java.specification.version=11
  - java.vendor=AdoptOpenJDK
  - java.vendor.url=https://adoptopenjdk.net/
  - java.vendor.url.bug=https://github.com/AdoptOpenJDK/openjdk-build/issues
  - java.vendor.version=AdoptOpenJDK
  - java.version=11.0.3
  - java.version.date=2019-04-16
  - java.vm.compressedOopsMode=32-bit
  - java.vm.info=mixed mode
  - java.vm.name=OpenJDK 64-Bit Server VM
  - java.vm.specification.name=Java Virtual Machine Specification
  - java.vm.specification.vendor=Oracle Corporation
  - java.vm.specification.version=11
  - java.vm.vendor=AdoptOpenJDK
  - java.vm.version=11.0.3+7
  - jdk.debug=release
  - line.separator=

  - os.arch=amd64
  - os.name=Windows 10
  - os.version=10.0
  - path.separator=;
  - project.home=C:\OpsEclipseWorkspace\EmpApp
  - scanner.home=C:\sonar-scanner-4.3.0.2102\bin\..
  - sun.arch.data.model=64
  - sun.boot.library.path=C:\sonar-scanner-4.3.0.2102\jre\bin
  - sun.cpu.endian=little
  - sun.cpu.isalist=amd64
  - sun.desktop=windows
  - sun.io.unicode.encoding=UnicodeLittle
  - sun.java.command=org.sonarsource.scanner.cli.Main -X
  - sun.java.launcher=SUN_STANDARD
  - sun.jnu.encoding=Cp1252
  - sun.management.compiler=HotSpot 64-Bit Tiered Compilers
  - sun.os.patch.level=
  - sun.stderr.encoding=cp437
  - sun.stdout.encoding=cp437
  - user.country=US
  - user.dir=C:\OpsEclipseWorkspace\EmpApp
  - user.home=C:\Users\Kavetis
  - user.language=en
  - user.name=KavetiS
  - user.script=
  - user.timezone=Asia/Calcutta
  - user.variant=
SonarQube plugins:
  - SonarC# 7.0.1.4822 (csharp)
  - SonarPython 1.9.1.2080 (python)
  - SonarJava 5.2.0.13398 (java)
  - Git 1.4.0.1037 (scmgit)
  - SonarFlex 2.4.0.1222 (flex)
  - SonarXML 1.5.0.1373 (xml)
  - SonarPHP 2.13.0.3107 (php)
  - SonarTS 1.6.0.2388 (typescript)
  - Svn 1.7.0.1017 (scmsvn)
  - SonarJS 4.1.0.6085 (javascript)
Global properties:
  - sonar.core.id=AW_swRZwgdihJI1BpdBE
  - sonar.core.startTime=2020-06-12T11:03:06+0530
Settings for module: EmployeeApp
  - sonar.host.url=http://localhost:9000
  - sonar.java.binaries=target/classes/*
  - sonar.language=java
  - sonar.projectBaseDir=C:\OpsEclipseWorkspace\EmpApp
  - sonar.projectKey=EmployeeApp
  - sonar.projectName=EmployeeApp
  - sonar.projectVersion=1.0
  - sonar.scanner.app=ScannerCli
  - sonar.scanner.appVersion=4.3.0.2102
  - sonar.sourceEncoding=UTF-8
  - sonar.sources=src/main/java/
  - sonar.verbose=true
  - sonar.working.directory=C:\OpsEclipseWorkspace\EmpApp\.scannerwork
